APPLICATION	CarMaker 10.2.1 - Car_Generic #1267 (win64-10.2.1)
COMPILED	fh@obelix.ipg 2021-12-14 11:20:55
 
SIM_START	unknown	2022-02-18 19:14:47
TIME	0.000
SIMULATE	unknown

TIME	58.188
SIM_END		unknown	58.184s	519.065m
APPLICATION	CarMaker 10.2.1 - Car_Generic #1267 (win64-10.2.1)
COMPILED	fh@obelix.ipg 2021-12-14 11:20:55
 
SIM_START	unknown	2022-02-18 19:16:31
TIME	0.000
SIMULATE	unknown

TIME	52.819
SIM_END		unknown	52.815s	464.57m
APPLICATION	CarMaker 10.2.1 - Car_Generic #1267 (win64-10.2.1)
COMPILED	fh@obelix.ipg 2021-12-14 11:20:55
 
SIM_START	unknown	2022-02-18 19:17:57
TIME	0.000
SIMULATE	unknown

TIME	8.444
SIM_END		unknown	8.44s	0.000585491m
APPLICATION	CarMaker 10.2.1 - Car_Generic #1267 (win64-10.2.1)
COMPILED	fh@obelix.ipg 2021-12-14 11:20:55
 
SIM_START	unknown	2022-02-18 19:18:32
TIME	0.000
SIMULATE	unknown

TIME	7.025
SIM_END		unknown	7.021s	0.000468574m
APPLICATION	CarMaker 10.2.1 - Car_Generic #1267 (win64-10.2.1)
COMPILED	fh@obelix.ipg 2021-12-14 11:20:55
 
SIM_START	unknown	2022-02-18 19:18:57
TIME	0.000
SIMULATE	unknown

TIME	10.004
SIM_END		unknown	10s	0.000713692m
APPLICATION	CarMaker 10.2.1 - Car_Generic #1267 (win64-10.2.1)
COMPILED	fh@obelix.ipg 2021-12-14 11:20:55
 
SIM_START	unknown	2022-02-18 19:20:27
TIME	0.000
SIMULATE	unknown

SIM_END		unknown	0.918s	0.000120809m
APPLICATION	CarMaker 10.2.1 - Car_Generic #1267 (win64-10.2.1)
COMPILED	fh@obelix.ipg 2021-12-14 11:20:55
 
SIM_START	unknown	2022-02-18 19:20:47
TIME	0.000
SIMULATE	unknown

TIME	36.975
SIM_END		unknown	36.971s	286.934m
