

SYSTEM_START	-	DESKTOP-1L614PO	DESKTOP-1L614PO	2022-02-11 11:12:18


SYSTEM_INFO	CarMaker 10.2.1 - Car_Generic #1264	fh@obelix.ipg 2021-12-14 11:20:42	(10.2.1 fh@obelix.ipg 2021-12-14 11:20:37)
SIM	1644538338	DESKTOP-1L614PO			0	0	0
SIM	1644539597	DESKTOP-1L614PO	Pickett	unknown	1	0	0
SIM	1644539608	DESKTOP-1L614PO	Pickett	unknown	0	60	425.23
SIM	1644539666	DESKTOP-1L614PO	Pickett	unknown	0	3111.88	22200
SIM	1644540223	DESKTOP-1L614PO	Pickett	unknown	0	1560.24	11122.5


SYSTEM_START	-	DESKTOP-1L614PO	DESKTOP-1L614PO	2022-02-12 23:57:03


SYSTEM_INFO	CarMaker 10.2.1 - Car_Generic #1267	fh@obelix.ipg 2021-12-14 11:20:55	(10.2.1 fh@obelix.ipg 2021-12-14 11:20:37)
SIM	1644670623	DESKTOP-1L614PO	Pickett	unknown	0	1704.92	22360.1


SYSTEM_START	-	DESKTOP-1L614PO	DESKTOP-1L614PO	2022-02-13 00:19:04


SYSTEM_INFO	CarMaker 10.2.1 - Car_Generic #1264	fh@obelix.ipg 2021-12-14 11:20:42	(10.2.1 fh@obelix.ipg 2021-12-14 11:20:37)
SIM	1644671944	DESKTOP-1L614PO			0	0	0
SIM	1644671945	DESKTOP-1L614PO	Pickett	Tutorial/Autocross_TorqueVectoring	1	0	0
SIM	1644671997	DESKTOP-1L614PO	Pickett	Competition/FS_Autocross	0	139.519	1509.98
SIM	1644672163	DESKTOP-1L614PO	Pickett	Competition/FS_SkidPad	0	27.048	255.264
SIM	1644672171	DESKTOP-1L614PO	Pickett	Competition/FS_SkidPad	0	27.048	255.264
SIM	1644672208	DESKTOP-1L614PO	Pickett	Competition/FS_SkidPad	0	27.048	255.264
SIM	1644672300	DESKTOP-1L614PO	Pickett	Competition/FS_SkidPad	1	0	255.264


SYSTEM_START	-	DESKTOP-1L614PO	DESKTOP-1L614PO	2022-02-18 10:32:27


SYSTEM_INFO	CarMaker 10.2.1 - Car_Generic #1264	fh@obelix.ipg 2021-12-14 11:20:42	(10.2.1 fh@obelix.ipg 2021-12-14 11:20:37)
SIM	1645140747	DESKTOP-1L614PO			0	0	0
SIM	1645140749	DESKTOP-1L614PO	Pickett	unknown	1	0	0
SIM	1645140767	DESKTOP-1L614PO	Pickett	unknown	1	0	0


SYSTEM_START	-	DESKTOP-1L614PO	DESKTOP-1L614PO	2022-02-18 10:59:40


SYSTEM_INFO	CarMaker 10.2.1 - Car_Generic #1267	fh@obelix.ipg 2021-12-14 11:20:55	(10.2.1 fh@obelix.ipg 2021-12-14 11:20:37)
SIM	1645142380	DESKTOP-1L614PO	Pickett	unknown	0	10.085	80.0321


SYSTEM_START	-	DESKTOP-1L614PO	DESKTOP-1L614PO	2022-02-18 11:00:05


SYSTEM_INFO	CarMaker 10.2.1 - Car_Generic #1267	fh@obelix.ipg 2021-12-14 11:20:55	(10.2.1 fh@obelix.ipg 2021-12-14 11:20:37)
SIM	1645142405	DESKTOP-1L614PO	Pickett	unknown	0	9.839	75.0219


SYSTEM_START	-	DESKTOP-1L614PO	DESKTOP-1L614PO	2022-02-18 11:08:28


SYSTEM_INFO	CarMaker 10.2.1 - Car_Generic #1267	fh@obelix.ipg 2021-12-14 11:20:55	(10.2.1 fh@obelix.ipg 2021-12-14 11:20:37)
SIM	1645142908	DESKTOP-1L614PO	Pickett	unknown	0	9.127	75.0358


SYSTEM_START	-	DESKTOP-1L614PO	DESKTOP-1L614PO	2022-02-18 11:09:02


SYSTEM_INFO	CarMaker 10.2.1 - Car_Generic #1267	fh@obelix.ipg 2021-12-14 11:20:55	(10.2.1 fh@obelix.ipg 2021-12-14 11:20:37)
SIM	1645142942	DESKTOP-1L614PO	Pickett	unknown	0	9.583	75.0275


SYSTEM_START	-	DESKTOP-1L614PO	DESKTOP-1L614PO	2022-02-18 11:09:34


SYSTEM_INFO	CarMaker 10.2.1 - Car_Generic #1267	fh@obelix.ipg 2021-12-14 11:20:55	(10.2.1 fh@obelix.ipg 2021-12-14 11:20:37)
SIM	1645142974	DESKTOP-1L614PO	Pickett	unknown	0	9.156	75.0387


SYSTEM_START	-	DESKTOP-1L614PO	DESKTOP-1L614PO	2022-02-18 11:11:44


SYSTEM_INFO	CarMaker 10.2.1 - Car_Generic #1267	fh@obelix.ipg 2021-12-14 11:20:55	(10.2.1 fh@obelix.ipg 2021-12-14 11:20:37)
SIM	1645143104	DESKTOP-1L614PO	Pickett	unknown	0	51.642	602.042


SYSTEM_START	-	DESKTOP-1L614PO	DESKTOP-1L614PO	2022-02-18 11:13:14


SYSTEM_INFO	CarMaker 10.2.1 - Car_Generic #1267	fh@obelix.ipg 2021-12-14 11:20:55	(10.2.1 fh@obelix.ipg 2021-12-14 11:20:37)
SIM	1645143194	DESKTOP-1L614PO	Pickett	unknown	0	50.809	602.061


SYSTEM_START	-	DESKTOP-1L614PO	DESKTOP-1L614PO	2022-02-18 13:25:36


SYSTEM_INFO	CarMaker 10.2.1 - Car_Generic #1267	fh@obelix.ipg 2021-12-14 11:20:55	(10.2.1 fh@obelix.ipg 2021-12-14 11:20:37)
SIM	1645151136	DESKTOP-1L614PO	Pickett	unknown	1	0.005	4.96223e-008


SYSTEM_START	-	DESKTOP-1L614PO	DESKTOP-1L614PO	2022-02-18 13:29:28


SYSTEM_INFO	CarMaker 10.2.1 - Car_Generic #1267	fh@obelix.ipg 2021-12-14 11:20:55	(10.2.1 fh@obelix.ipg 2021-12-14 11:20:37)
SIM	1645151369	DESKTOP-1L614PO	Pickett	unknown	1	0.005	4.96223e-008


SYSTEM_START	-	DESKTOP-1L614PO	DESKTOP-1L614PO	2022-02-18 13:31:24


SYSTEM_INFO	CarMaker 10.2.1 - Car_Generic #1267	fh@obelix.ipg 2021-12-14 11:20:55	(10.2.1 fh@obelix.ipg 2021-12-14 11:20:37)
SIM	1645151484	DESKTOP-1L614PO	Pickett	unknown	1	0.005	4.96223e-008


SYSTEM_START	-	DESKTOP-1L614PO	DESKTOP-1L614PO	2022-02-18 13:34:06


SYSTEM_INFO	CarMaker 10.2.1 - Car_Generic #1267	fh@obelix.ipg 2021-12-14 11:20:55	(10.2.1 fh@obelix.ipg 2021-12-14 11:20:37)
SIM	1645151646	DESKTOP-1L614PO	Pickett	unknown	1	0.005	4.96223e-008


SYSTEM_START	-	DESKTOP-1L614PO	DESKTOP-1L614PO	2022-02-18 13:34:58


SYSTEM_INFO	CarMaker 10.2.1 - Car_Generic #1267	fh@obelix.ipg 2021-12-14 11:20:55	(10.2.1 fh@obelix.ipg 2021-12-14 11:20:37)
SIM	1645151698	DESKTOP-1L614PO	Pickett	unknown	1	0.005	4.96223e-008


SYSTEM_START	-	DESKTOP-1L614PO	DESKTOP-1L614PO	2022-02-18 13:37:47


SYSTEM_INFO	CarMaker 10.2.1 - Car_Generic #1267	fh@obelix.ipg 2021-12-14 11:20:55	(10.2.1 fh@obelix.ipg 2021-12-14 11:20:37)
SIM	1645151867	DESKTOP-1L614PO	Pickett	unknown	1	0.005	4.96223e-008


SYSTEM_START	-	DESKTOP-1L614PO	DESKTOP-1L614PO	2022-02-18 13:38:43


SYSTEM_INFO	CarMaker 10.2.1 - Car_Generic #1267	fh@obelix.ipg 2021-12-14 11:20:55	(10.2.1 fh@obelix.ipg 2021-12-14 11:20:37)
SIM	1645151923	DESKTOP-1L614PO	Pickett	unknown	1	0.005	4.96223e-008


SYSTEM_START	-	DESKTOP-1L614PO	DESKTOP-1L614PO	2022-02-18 13:39:52


SYSTEM_INFO	CarMaker 10.2.1 - Car_Generic #1267	fh@obelix.ipg 2021-12-14 11:20:55	(10.2.1 fh@obelix.ipg 2021-12-14 11:20:37)
SIM	1645151992	DESKTOP-1L614PO	Pickett	unknown	0	23.75	0.428562


SYSTEM_START	-	DESKTOP-1L614PO	DESKTOP-1L614PO	2022-02-18 13:41:05


SYSTEM_INFO	CarMaker 10.2.1 - Car_Generic #1267	fh@obelix.ipg 2021-12-14 11:20:55	(10.2.1 fh@obelix.ipg 2021-12-14 11:20:37)
SIM	1645152065	DESKTOP-1L614PO	Pickett	unknown	1	0.005	4.96223e-008


SYSTEM_START	-	DESKTOP-1L614PO	DESKTOP-1L614PO	2022-02-18 13:43:58


SYSTEM_INFO	CarMaker 10.2.1 - Car_Generic #1267	fh@obelix.ipg 2021-12-14 11:20:55	(10.2.1 fh@obelix.ipg 2021-12-14 11:20:37)
SIM	1645152238	DESKTOP-1L614PO	Pickett	unknown	0	13.914	0.231192


SYSTEM_START	-	DESKTOP-1L614PO	DESKTOP-1L614PO	2022-02-18 13:45:03


SYSTEM_INFO	CarMaker 10.2.1 - Car_Generic #1267	fh@obelix.ipg 2021-12-14 11:20:55	(10.2.1 fh@obelix.ipg 2021-12-14 11:20:37)
SIM	1645152303	DESKTOP-1L614PO	Pickett	unknown	0	6.615	0.0832571


SYSTEM_START	-	DESKTOP-1L614PO	DESKTOP-1L614PO	2022-02-18 13:50:05


SYSTEM_INFO	CarMaker 10.2.1 - Car_Generic #1267	fh@obelix.ipg 2021-12-14 11:20:55	(10.2.1 fh@obelix.ipg 2021-12-14 11:20:37)
SIM	1645152605	DESKTOP-1L614PO	Pickett	unknown	0	9.59	0.144894


SYSTEM_START	-	DESKTOP-1L614PO	DESKTOP-1L614PO	2022-02-18 13:51:36


SYSTEM_INFO	CarMaker 10.2.1 - Car_Generic #1267	fh@obelix.ipg 2021-12-14 11:20:55	(10.2.1 fh@obelix.ipg 2021-12-14 11:20:37)
SIM	1645152696	DESKTOP-1L614PO	Pickett	unknown	0	37.16	0.699235


SYSTEM_START	-	DESKTOP-1L614PO	DESKTOP-1L614PO	2022-02-18 13:55:02


SYSTEM_INFO	CarMaker 10.2.1 - Car_Generic #1267	fh@obelix.ipg 2021-12-14 11:20:55	(10.2.1 fh@obelix.ipg 2021-12-14 11:20:37)
SIM	1645152902	DESKTOP-1L614PO	Pickett	unknown	0	16.562	28.0285


SYSTEM_START	-	DESKTOP-1L614PO	DESKTOP-1L614PO	2022-02-18 13:55:47


SYSTEM_INFO	CarMaker 10.2.1 - Car_Generic #1267	fh@obelix.ipg 2021-12-14 11:20:55	(10.2.1 fh@obelix.ipg 2021-12-14 11:20:37)
SIM	1645152947	DESKTOP-1L614PO	Pickett	unknown	0	20.485	75.0189


SYSTEM_START	-	DESKTOP-1L614PO	DESKTOP-1L614PO	2022-02-18 13:57:41


SYSTEM_INFO	CarMaker 10.2.1 - Car_Generic #1267	fh@obelix.ipg 2021-12-14 11:20:55	(10.2.1 fh@obelix.ipg 2021-12-14 11:20:37)
SIM	1645153061	DESKTOP-1L614PO	Pickett	unknown	1	6.257	0.500782


SYSTEM_START	-	DESKTOP-1L614PO	DESKTOP-1L614PO	2022-02-18 13:58:59


SYSTEM_INFO	CarMaker 10.2.1 - Car_Generic #1267	fh@obelix.ipg 2021-12-14 11:20:55	(10.2.1 fh@obelix.ipg 2021-12-14 11:20:37)
SIM	1645153139	DESKTOP-1L614PO	Pickett	unknown	0	23.365	0.0018019


SYSTEM_START	-	DESKTOP-1L614PO	DESKTOP-1L614PO	2022-02-18 14:01:15


SYSTEM_INFO	CarMaker 10.2.1 - Car_Generic #1267	fh@obelix.ipg 2021-12-14 11:20:55	(10.2.1 fh@obelix.ipg 2021-12-14 11:20:37)
SIM	1645153275	DESKTOP-1L614PO	Pickett	unknown	0	18.374	0.0013976


SYSTEM_START	-	DESKTOP-1L614PO	DESKTOP-1L614PO	2022-02-18 19:14:47


SYSTEM_INFO	CarMaker 10.2.1 - Car_Generic #1267	fh@obelix.ipg 2021-12-14 11:20:55	(10.2.1 fh@obelix.ipg 2021-12-14 11:20:37)
SIM	1645172087	DESKTOP-1L614PO	Pickett	unknown	0	58.184	519.065


SYSTEM_START	-	DESKTOP-1L614PO	DESKTOP-1L614PO	2022-02-18 19:16:31


SYSTEM_INFO	CarMaker 10.2.1 - Car_Generic #1267	fh@obelix.ipg 2021-12-14 11:20:55	(10.2.1 fh@obelix.ipg 2021-12-14 11:20:37)
SIM	1645172191	DESKTOP-1L614PO	Pickett	unknown	0	52.815	464.57


SYSTEM_START	-	DESKTOP-1L614PO	DESKTOP-1L614PO	2022-02-18 19:17:57


SYSTEM_INFO	CarMaker 10.2.1 - Car_Generic #1267	fh@obelix.ipg 2021-12-14 11:20:55	(10.2.1 fh@obelix.ipg 2021-12-14 11:20:37)
SIM	1645172277	DESKTOP-1L614PO	Pickett	unknown	0	8.44	0.000585491


SYSTEM_START	-	DESKTOP-1L614PO	DESKTOP-1L614PO	2022-02-18 19:18:32


SYSTEM_INFO	CarMaker 10.2.1 - Car_Generic #1267	fh@obelix.ipg 2021-12-14 11:20:55	(10.2.1 fh@obelix.ipg 2021-12-14 11:20:37)
SIM	1645172312	DESKTOP-1L614PO	Pickett	unknown	0	7.021	0.000468574


SYSTEM_START	-	DESKTOP-1L614PO	DESKTOP-1L614PO	2022-02-18 19:18:57


SYSTEM_INFO	CarMaker 10.2.1 - Car_Generic #1267	fh@obelix.ipg 2021-12-14 11:20:55	(10.2.1 fh@obelix.ipg 2021-12-14 11:20:37)
SIM	1645172337	DESKTOP-1L614PO	Pickett	unknown	0	10	0.000713692


SYSTEM_START	-	DESKTOP-1L614PO	DESKTOP-1L614PO	2022-02-18 19:20:27


SYSTEM_INFO	CarMaker 10.2.1 - Car_Generic #1267	fh@obelix.ipg 2021-12-14 11:20:55	(10.2.1 fh@obelix.ipg 2021-12-14 11:20:37)
SIM	1645172427	DESKTOP-1L614PO	Pickett	unknown	0	0.918	0.000120809


SYSTEM_START	-	DESKTOP-1L614PO	DESKTOP-1L614PO	2022-02-18 19:20:47


SYSTEM_INFO	CarMaker 10.2.1 - Car_Generic #1267	fh@obelix.ipg 2021-12-14 11:20:55	(10.2.1 fh@obelix.ipg 2021-12-14 11:20:37)
SIM	1645172447	DESKTOP-1L614PO	Pickett	unknown	0	36.971	286.934


SYSTEM_START	-	DESKTOP-1L614PO	DESKTOP-1L614PO	2022-02-22 15:24:36


SYSTEM_INFO	CarMaker 10.2.1 - Car_Generic #1267	fh@obelix.ipg 2021-12-14 11:20:55	(10.2.1 fh@obelix.ipg 2021-12-14 11:20:37)
SIM	1645503876	DESKTOP-1L614PO	Pickett	Competition/FS_SkidPad	0	11.913	0.00103871


SYSTEM_START	-	DESKTOP-1L614PO	DESKTOP-1L614PO	2022-02-22 15:25:32


SYSTEM_INFO	CarMaker 10.2.1 - Car_Generic #1267	fh@obelix.ipg 2021-12-14 11:20:55	(10.2.1 fh@obelix.ipg 2021-12-14 11:20:37)
SIM	1645503932	DESKTOP-1L614PO	Pickett	Competition/FS_SkidPad	0	11.552	0.00100484


SYSTEM_START	-	DESKTOP-1L614PO	DESKTOP-1L614PO	2022-02-22 15:34:47


SYSTEM_INFO	CarMaker 10.2.1 - Car_Generic #1267	fh@obelix.ipg 2021-12-14 11:20:55	(10.2.1 fh@obelix.ipg 2021-12-14 11:20:37)
SIM	1645504487	DESKTOP-1L614PO	Pickett	Competition/FS_SkidPad	0	42.552	0.0038636


SYSTEM_START	-	DESKTOP-1L614PO	DESKTOP-1L614PO	2022-02-22 15:36:17


SYSTEM_INFO	CarMaker 10.2.1 - Car_Generic #1267	fh@obelix.ipg 2021-12-14 11:20:55	(10.2.1 fh@obelix.ipg 2021-12-14 11:20:37)
SIM	1645504577	DESKTOP-1L614PO	Pickett	Competition/FS_SkidPad	0	14.188	0.00125167


SYSTEM_START	-	DESKTOP-1L614PO	DESKTOP-1L614PO	2022-02-22 15:39:31


SYSTEM_INFO	CarMaker 10.2.1 - Car_Generic #1267	fh@obelix.ipg 2021-12-14 11:20:55	(10.2.1 fh@obelix.ipg 2021-12-14 11:20:37)
SIM	1645504771	DESKTOP-1L614PO	Pickett	Competition/FS_SkidPad	0	5.794	0.000461039


SYSTEM_START	-	DESKTOP-1L614PO	DESKTOP-1L614PO	2022-02-22 15:41:45


SYSTEM_INFO	CarMaker 10.2.1 - Car_Generic #1267	fh@obelix.ipg 2021-12-14 11:20:55	(10.2.1 fh@obelix.ipg 2021-12-14 11:20:37)
SIM	1645504905	DESKTOP-1L614PO	Pickett	Competition/FS_SkidPad	0	26.43	255.37


SYSTEM_START	-	DESKTOP-1L614PO	DESKTOP-1L614PO	2022-02-22 15:45:27


SYSTEM_INFO	CarMaker 10.2.1 - Car_Generic #1267	fh@obelix.ipg 2021-12-14 11:20:55	(10.2.1 fh@obelix.ipg 2021-12-14 11:20:37)
SIM	1645505127	DESKTOP-1L614PO	Pickett	Competition/FS_SkidPad	0	10.716	86.6659


SYSTEM_START	-	DESKTOP-1L614PO	DESKTOP-1L614PO	2022-02-22 15:59:00


SYSTEM_INFO	CarMaker 10.2.1 - Car_Generic #1267	fh@obelix.ipg 2021-12-14 11:20:55	(10.2.1 fh@obelix.ipg 2021-12-14 11:20:37)
SIM	1645505940	DESKTOP-1L614PO	Pickett	Competition/FS_SkidPad	0	26.43	255.37


SYSTEM_START	-	DESKTOP-1L614PO	DESKTOP-1L614PO	2022-02-22 16:00:47


SYSTEM_INFO	CarMaker 10.2.1 - Car_Generic #1267	fh@obelix.ipg 2021-12-14 11:20:55	(10.2.1 fh@obelix.ipg 2021-12-14 11:20:37)
SIM	1645506047	DESKTOP-1L614PO	Pickett	Competition/FS_SkidPad	0	33.465	255.668


SYSTEM_START	-	DESKTOP-1L614PO	DESKTOP-1L614PO	2022-02-22 16:01:43


SYSTEM_INFO	CarMaker 10.2.1 - Car_Generic #1267	fh@obelix.ipg 2021-12-14 11:20:55	(10.2.1 fh@obelix.ipg 2021-12-14 11:20:37)
SIM	1645506104	DESKTOP-1L614PO	Pickett	Competition/FS_SkidPad	0	33.465	255.668


SYSTEM_START	-	DESKTOP-1L614PO	DESKTOP-1L614PO	2022-02-22 16:03:12


SYSTEM_INFO	CarMaker 10.2.1 - Car_Generic #1267	fh@obelix.ipg 2021-12-14 11:20:55	(10.2.1 fh@obelix.ipg 2021-12-14 11:20:37)
SIM	1645506192	DESKTOP-1L614PO	Pickett	Competition/FS_SkidPad	0	26.43	255.37


SYSTEM_START	-	DESKTOP-1L614PO	DESKTOP-1L614PO	2022-02-22 16:04:49


SYSTEM_INFO	CarMaker 10.2.1 - Car_Generic #1267	fh@obelix.ipg 2021-12-14 11:20:55	(10.2.1 fh@obelix.ipg 2021-12-14 11:20:37)
SIM	1645506289	DESKTOP-1L614PO	Pickett	Competition/FS_SkidPad	0	33.465	255.668


SYSTEM_START	-	DESKTOP-1L614PO	DESKTOP-1L614PO	2022-02-22 16:06:24


SYSTEM_INFO	CarMaker 10.2.1 - Car_Generic #1267	fh@obelix.ipg 2021-12-14 11:20:55	(10.2.1 fh@obelix.ipg 2021-12-14 11:20:37)
SIM	1645506384	DESKTOP-1L614PO	Pickett	Competition/FS_SkidPad	0	26.491	255.362


SYSTEM_START	-	DESKTOP-1L614PO	DESKTOP-1L614PO	2022-02-22 16:08:48


SYSTEM_INFO	CarMaker 10.2.1 - Car_Generic #1267	fh@obelix.ipg 2021-12-14 11:20:55	(10.2.1 fh@obelix.ipg 2021-12-14 11:20:37)
SIM	1645506528	DESKTOP-1L614PO	Pickett	Competition/FS_SkidPad	0	8.243	44.7281


SYSTEM_START	-	DESKTOP-1L614PO	DESKTOP-1L614PO	2022-02-22 16:16:32


SYSTEM_INFO	CarMaker 10.2.1 - Car_Generic #1267	fh@obelix.ipg 2021-12-14 11:20:55	(10.2.1 fh@obelix.ipg 2021-12-14 11:20:37)
SIM	1645506992	DESKTOP-1L614PO	Pickett	Competition/FS_SkidPad	0	33.465	255.668


SYSTEM_START	-	DESKTOP-1L614PO	DESKTOP-1L614PO	2022-02-22 16:20:56


SYSTEM_INFO	CarMaker 10.2.1 - Car_Generic #1267	fh@obelix.ipg 2021-12-14 11:20:55	(10.2.1 fh@obelix.ipg 2021-12-14 11:20:37)
SIM	1645507256	DESKTOP-1L614PO	Pickett	Competition/FS_SkidPad	0	26.59	255.367


SYSTEM_START	-	DESKTOP-1L614PO	DESKTOP-1L614PO	2022-02-22 16:23:01


SYSTEM_INFO	CarMaker 10.2.1 - Car_Generic #1267	fh@obelix.ipg 2021-12-14 11:20:55	(10.2.1 fh@obelix.ipg 2021-12-14 11:20:37)
SIM	1645507381	DESKTOP-1L614PO	Pickett	Competition/FS_SkidPad	0	29.463	599.893


SYSTEM_START	-	DESKTOP-1L614PO	DESKTOP-1L614PO	2022-02-22 16:24:39


SYSTEM_INFO	CarMaker 10.2.1 - Car_Generic #1267	fh@obelix.ipg 2021-12-14 11:20:55	(10.2.1 fh@obelix.ipg 2021-12-14 11:20:37)
SIM	1645507479	DESKTOP-1L614PO	Pickett	Competition/FS_SkidPad	0	42.887	651.81


SYSTEM_START	-	DESKTOP-1L614PO	DESKTOP-1L614PO	2022-02-22 16:27:03


SYSTEM_INFO	CarMaker 10.2.1 - Car_Generic #1267	fh@obelix.ipg 2021-12-14 11:20:55	(10.2.1 fh@obelix.ipg 2021-12-14 11:20:37)
SIM	1645507623	DESKTOP-1L614PO	Pickett	Competition/FS_SkidPad	0	55.443	874.212


SYSTEM_START	-	DESKTOP-1L614PO	DESKTOP-1L614PO	2022-02-22 16:29:39


SYSTEM_INFO	CarMaker 10.2.1 - Car_Generic #1267	fh@obelix.ipg 2021-12-14 11:20:55	(10.2.1 fh@obelix.ipg 2021-12-14 11:20:37)
SIM	1645507779	DESKTOP-1L614PO	Pickett	Competition/FS_SkidPad	0	53.25	839.282


SYSTEM_START	-	DESKTOP-1L614PO	DESKTOP-1L614PO	2022-02-22 16:35:23


SYSTEM_INFO	CarMaker 10.2.1 - Car_Generic #1267	fh@obelix.ipg 2021-12-14 11:20:55	(10.2.1 fh@obelix.ipg 2021-12-14 11:20:37)
SIM	1645508123	DESKTOP-1L614PO	Pickett	Competition/FS_SkidPad	0	6.585	109.338


SYSTEM_START	-	DESKTOP-1L614PO	DESKTOP-1L614PO	2022-02-22 16:36:22


SYSTEM_INFO	CarMaker 10.2.1 - Car_Generic #1267	fh@obelix.ipg 2021-12-14 11:20:55	(10.2.1 fh@obelix.ipg 2021-12-14 11:20:37)
SIM	1645508182	DESKTOP-1L614PO	Pickett	Competition/FS_SkidPad	0	52.576	822.061


SYSTEM_START	-	DESKTOP-1L614PO	DESKTOP-1L614PO	2022-02-22 16:38:22


SYSTEM_INFO	CarMaker 10.2.1 - Car_Generic #1267	fh@obelix.ipg 2021-12-14 11:20:55	(10.2.1 fh@obelix.ipg 2021-12-14 11:20:37)
SIM	1645508303	DESKTOP-1L614PO	Pickett	Competition/FS_SkidPad	0	24.153	597.555


SYSTEM_START	-	DESKTOP-1L614PO	DESKTOP-1L614PO	2022-02-22 16:40:18


SYSTEM_INFO	CarMaker 10.2.1 - Car_Generic #1267	fh@obelix.ipg 2021-12-14 11:20:55	(10.2.1 fh@obelix.ipg 2021-12-14 11:20:37)
SIM	1645508418	DESKTOP-1L614PO	Pickett	Competition/FS_Acceleration	0	5.515	80.0427


SYSTEM_START	-	DESKTOP-1L614PO	DESKTOP-1L614PO	2022-02-22 16:42:10


SYSTEM_INFO	CarMaker 10.2.1 - Car_Generic #1267	fh@obelix.ipg 2021-12-14 11:20:55	(10.2.1 fh@obelix.ipg 2021-12-14 11:20:37)
SIM	1645508530	DESKTOP-1L614PO	Pickett	Competition/FS_Acceleration	0	5.515	80.0427


SYSTEM_START	-	DESKTOP-1L614PO	DESKTOP-1L614PO	2022-02-22 16:44:31


SYSTEM_INFO	CarMaker 10.2.1 - Car_Generic #1267	fh@obelix.ipg 2021-12-14 11:20:55	(10.2.1 fh@obelix.ipg 2021-12-14 11:20:37)
SIM	1645508672	DESKTOP-1L614PO	Pickett	Competition/FS_Acceleration	0	5.515	80.0427
